[debug] [2020-01-15T05:03:19.637Z] ----------------------------------------------------------------------
[debug] [2020-01-15T05:03:19.639Z] Command:       /usr/local/bin/node /usr/local/bin/firebase init
[debug] [2020-01-15T05:03:19.639Z] CLI Version:   7.12.1
[debug] [2020-01-15T05:03:19.639Z] Platform:      darwin
[debug] [2020-01-15T05:03:19.639Z] Node Version:  v12.13.1
[debug] [2020-01-15T05:03:19.639Z] Time:          Tue Jan 14 2020 21:03:19 GMT-0800 (Pacific Standard Time)
[debug] [2020-01-15T05:03:19.640Z] ----------------------------------------------------------------------
[debug] [2020-01-15T05:03:19.640Z] 
[debug] [2020-01-15T05:03:19.645Z] > command requires scopes: ["email","openid","https://www.googleapis.com/auth/cloudplatformprojects.readonly","https://www.googleapis.com/auth/firebase","https://www.googleapis.com/auth/cloud-platform"]
[debug] [2020-01-15T05:03:19.645Z] > authorizing via signed-in user
[info] 
     ######## #### ########  ######## ########     ###     ######  ########
     ##        ##  ##     ## ##       ##     ##  ##   ##  ##       ##
     ######    ##  ########  ######   ########  #########  ######  ######
     ##        ##  ##    ##  ##       ##     ## ##     ##       ## ##
     ##       #### ##     ## ######## ########  ##     ##  ######  ########

You're about to initialize a Firebase project in this directory:

  /Users/tyleralbee/Desktop/PinnedRN

[info] 
=== Project Setup
[info] 
[info] First, let's associate this project directory with a Firebase project.
[info] You can create multiple project aliases by running firebase use --add, 
[info] but for now we'll just set up a default project.
[info] 
[info] i  If you want to create a project in a Google Cloud organization or folder, please use "firebase projects:create" instead, and return to this command when you've created the project.
[debug] [2020-01-15T05:03:38.285Z] >>> HTTP REQUEST POST https://cloudresourcemanager.googleapis.com/v1/projects  

[debug] [2020-01-15T05:03:38.756Z] <<< HTTP RESPONSE 400
[debug] [2020-01-15T05:03:38.757Z] <<< HTTP RESPONSE BODY
[debug] [2020-01-15T05:03:38.759Z] HTTP Error: 400, field [project_id] has issue [project_id contains invalid characters]
[debug] [2020-01-15T05:03:38.762Z] FirebaseError: HTTP Error: 400, field [project_id] has issue [project_id contains invalid characters]
    at module.exports (/usr/local/lib/node_modules/firebase-tools/lib/responseToError.js:38:12)
    at Request._callback (/usr/local/lib/node_modules/firebase-tools/lib/api.js:39:35)
    at Request.self.callback (/usr/local/lib/node_modules/firebase-tools/node_modules/request/request.js:185:22)
    at Request.emit (events.js:210:5)
    at Request.EventEmitter.emit (domain.js:475:20)
    at Request.<anonymous> (/usr/local/lib/node_modules/firebase-tools/node_modules/request/request.js:1161:10)
    at Request.emit (events.js:210:5)
    at Request.EventEmitter.emit (domain.js:475:20)
    at IncomingMessage.<anonymous> (/usr/local/lib/node_modules/firebase-tools/node_modules/request/request.js:1083:12)
    at Object.onceWrapper (events.js:299:28)
    at IncomingMessage.emit (events.js:215:7)
    at IncomingMessage.EventEmitter.emit (domain.js:475:20)
    at endReadableNT (_stream_readable.js:1184:12)
    at processTicksAndRejections (internal/process/task_queues.js:80:21)
[error] 
[error] Error: Failed to create Google Cloud project. See firebase-debug.log for more info.
